<?xml version="1.0" encoding="UTF-8"?>
  <testsuites tests="19" disabled="12" errors="0" failures="2" time="19.5411501">
      <testsuite name="Tests Suite" package="C:\Users\819834\go\src\bd-connect-api\apitesting\tests" tests="0" disabled="0" skipped="0" errors="0" failures="0" time="0.0171555" timestamp="2023-03-28T20:16:16">
          <properties>
              <property name="SuiteSucceeded" value="true"></property>
              <property name="SuiteHasProgrammaticFocus" value="false"></property>
              <property name="SpecialSuiteFailureReason" value=""></property>
              <property name="SuiteLabels" value="[]"></property>
              <property name="RandomSeed" value="1680014772"></property>
              <property name="RandomizeAllSpecs" value="false"></property>
              <property name="LabelFilter" value="Integration,Smoke"></property>
              <property name="FocusStrings" value=""></property>
              <property name="SkipStrings" value=""></property>
              <property name="FocusFiles" value=""></property>
              <property name="SkipFiles" value=""></property>
              <property name="FailOnPending" value="false"></property>
              <property name="FailFast" value="false"></property>
              <property name="FlakeAttempts" value="0"></property>
              <property name="DryRun" value="false"></property>
              <property name="ParallelTotal" value="1"></property>
              <property name="OutputInterceptorMode" value=""></property>
          </properties>
      </testsuite>
      <testsuite name="Components Suite" package="C:\Users\819834\go\src\bd-connect-api\apitesting\tests\components" tests="11" disabled="7" skipped="0" errors="0" failures="1" time="14.4342356" timestamp="2023-03-28T20:16:19">
          <properties>
              <property name="SuiteSucceeded" value="false"></property>
              <property name="SuiteHasProgrammaticFocus" value="false"></property>
              <property name="SpecialSuiteFailureReason" value=""></property>
              <property name="SuiteLabels" value="[]"></property>
              <property name="RandomSeed" value="1680014772"></property>
              <property name="RandomizeAllSpecs" value="false"></property>
              <property name="LabelFilter" value="Integration,Smoke"></property>
              <property name="FocusStrings" value=""></property>
              <property name="SkipStrings" value=""></property>
              <property name="FocusFiles" value=""></property>
              <property name="SkipFiles" value=""></property>
              <property name="FailOnPending" value="false"></property>
              <property name="FailFast" value="false"></property>
              <property name="FlakeAttempts" value="0"></property>
              <property name="DryRun" value="false"></property>
              <property name="ParallelTotal" value="1"></property>
              <property name="OutputInterceptorMode" value=""></property>
          </properties>
          <testcase name="[BeforeSuite]" classname="Components Suite" status="passed" time="0.0015888">
              <system-err>&gt; Enter [BeforeSuite] TOP-LEVEL - C:/Users/819834/go/src/bd-connect-api/apitesting/tests/components/components_suite_test.go:21 @ 03/28/23 20:16:19.06&#xA;&lt; Exit [BeforeSuite] TOP-LEVEL - C:/Users/819834/go/src/bd-connect-api/apitesting/tests/components/components_suite_test.go:21 @ 03/28/23 20:16:19.062 (2ms)&#xA;</system-err>
          </testcase>
          <testcase name="[It] DB  Connect DB and run select Query [Smoke]" classname="Components Suite" status="pending" time="0">
              <skipped message="pending"></skipped>
          </testcase>
          <testcase name="[It] Get Request Get Request - Status 200 [Regression]" classname="Components Suite" status="pending" time="0">
              <skipped message="pending"></skipped>
          </testcase>
          <testcase name="[It] EC2StartStopFunctionhandler aa [Smoke]" classname="Components Suite" status="pending" time="0">
              <skipped message="pending"></skipped>
          </testcase>
          <testcase name="[It] Add order with and without authentication Post Request - Create a New order with authentication 201 [Smoke]" classname="Components Suite" status="pending" time="0">
              <skipped message="pending"></skipped>
          </testcase>
          <testcase name="[It] Add order with and without authentication Post Request - Pass wrong authentication token 401 [Smoke]" classname="Components Suite" status="pending" time="0">
              <skipped message="pending"></skipped>
          </testcase>
          <testcase name="[It] Post Request - Cloud to On-Prem Can send a file to S3 bucket using load balancer API [Smoke]" classname="Components Suite" status="failed" time="2.2690566">
              <failure message="Status code does not match&#xA;Expected&#xA;    &lt;int&gt;: 200&#xA;to equal&#xA;    &lt;int&gt;: 208" type="failed">[FAILED] Status code does not match&#xA;Expected&#xA;    &lt;int&gt;: 200&#xA;to equal&#xA;    &lt;int&gt;: 208&#xA;In [It] at: C:/Users/819834/go/src/bd-connect-api/apitesting/tests/components/cloudonprem_test.go:56 @ 03/28/23 20:16:21.333&#xA;</failure>
              <system-err>&gt; Enter [BeforeEach] Post Request - Cloud to On-Prem - C:/Users/819834/go/src/bd-connect-api/apitesting/tests/components/cloudonprem_test.go:19 @ 03/28/23 20:16:19.063&#xA;&lt; Exit [BeforeEach] Post Request - Cloud to On-Prem - C:/Users/819834/go/src/bd-connect-api/apitesting/tests/components/cloudonprem_test.go:19 @ 03/28/23 20:16:19.065 (2ms)&#xA;&gt; Enter [It] Can send a file to S3 bucket using load balancer API - C:/Users/819834/go/src/bd-connect-api/apitesting/tests/components/cloudonprem_test.go:40 @ 03/28/23 20:16:19.065&#xA;[FAILED] Status code does not match&#xA;Expected&#xA;    &lt;int&gt;: 200&#xA;to equal&#xA;    &lt;int&gt;: 208&#xA;In [It] at: C:/Users/819834/go/src/bd-connect-api/apitesting/tests/components/cloudonprem_test.go:56 @ 03/28/23 20:16:21.333&#xA;&lt; Exit [It] Can send a file to S3 bucket using load balancer API - C:/Users/819834/go/src/bd-connect-api/apitesting/tests/components/cloudonprem_test.go:40 @ 03/28/23 20:16:21.333 (2.267s)&#xA;&gt; Enter [AfterEach] Post Request - Cloud to On-Prem - C:/Users/819834/go/src/bd-connect-api/apitesting/tests/components/cloudonprem_test.go:24 @ 03/28/23 20:16:21.333&#xA;&lt; Exit [AfterEach] Post Request - Cloud to On-Prem - C:/Users/819834/go/src/bd-connect-api/apitesting/tests/components/cloudonprem_test.go:24 @ 03/28/23 20:16:21.333 (0s)&#xA;</system-err>
          </testcase>
          <testcase name="[It] Post Request - Cloud to On-Prem Can send multiple pdf files to S3 bucket using load balancer API  [Smoke]" classname="Components Suite" status="passed" time="12.1211083">
              <system-err>&gt; Enter [BeforeEach] Post Request - Cloud to On-Prem - C:/Users/819834/go/src/bd-connect-api/apitesting/tests/components/cloudonprem_test.go:19 @ 03/28/23 20:16:21.365&#xA;&lt; Exit [BeforeEach] Post Request - Cloud to On-Prem - C:/Users/819834/go/src/bd-connect-api/apitesting/tests/components/cloudonprem_test.go:19 @ 03/28/23 20:16:21.365 (0s)&#xA;&gt; Enter [It] Can send multiple pdf files to S3 bucket using load balancer API  - C:/Users/819834/go/src/bd-connect-api/apitesting/tests/components/cloudonprem_test.go:62 @ 03/28/23 20:16:21.365&#xA;&lt; Exit [It] Can send multiple pdf files to S3 bucket using load balancer API  - C:/Users/819834/go/src/bd-connect-api/apitesting/tests/components/cloudonprem_test.go:62 @ 03/28/23 20:16:33.486 (12.121s)&#xA;&gt; Enter [AfterEach] Post Request - Cloud to On-Prem - C:/Users/819834/go/src/bd-connect-api/apitesting/tests/components/cloudonprem_test.go:24 @ 03/28/23 20:16:33.486&#xA;&lt; Exit [AfterEach] Post Request - Cloud to On-Prem - C:/Users/819834/go/src/bd-connect-api/apitesting/tests/components/cloudonprem_test.go:24 @ 03/28/23 20:16:33.486 (0s)&#xA;</system-err>
          </testcase>
          <testcase name="[It] Post Request - Cloud to On-Prem Can send files to different S3 buckets [Smoke]" classname="Components Suite" status="pending" time="0">
              <skipped message="pending"></skipped>
          </testcase>
          <testcase name="[It] Post Request Post Request - Register a new client 201" classname="Components Suite" status="pending" time="0">
              <skipped message="pending"></skipped>
          </testcase>
          <testcase name="[AfterSuite]" classname="Components Suite" status="passed" time="0">
              <system-err>&gt; Enter [AfterSuite] TOP-LEVEL - C:/Users/819834/go/src/bd-connect-api/apitesting/tests/components/components_suite_test.go:28 @ 03/28/23 20:16:33.49&#xA;&lt; Exit [AfterSuite] TOP-LEVEL - C:/Users/819834/go/src/bd-connect-api/apitesting/tests/components/components_suite_test.go:28 @ 03/28/23 20:16:33.49 (0s)&#xA;</system-err>
          </testcase>
      </testsuite>
      <testsuite name="Integration Suite" package="C:\Users\819834\go\src\bd-connect-api\apitesting\tests\integration" tests="8" disabled="5" skipped="0" errors="0" failures="1" time="5.089759" timestamp="2023-03-28T20:16:34">
          <properties>
              <property name="SuiteSucceeded" value="false"></property>
              <property name="SuiteHasProgrammaticFocus" value="false"></property>
              <property name="SpecialSuiteFailureReason" value=""></property>
              <property name="SuiteLabels" value="[]"></property>
              <property name="RandomSeed" value="1680014772"></property>
              <property name="RandomizeAllSpecs" value="false"></property>
              <property name="LabelFilter" value="Integration,Smoke"></property>
              <property name="FocusStrings" value=""></property>
              <property name="SkipStrings" value=""></property>
              <property name="FocusFiles" value=""></property>
              <property name="SkipFiles" value=""></property>
              <property name="FailOnPending" value="false"></property>
              <property name="FailFast" value="false"></property>
              <property name="FlakeAttempts" value="0"></property>
              <property name="DryRun" value="false"></property>
              <property name="ParallelTotal" value="1"></property>
              <property name="OutputInterceptorMode" value=""></property>
          </properties>
          <testcase name="[BeforeSuite]" classname="Integration Suite" status="passed" time="0.00159">
              <system-err>&gt; Enter [BeforeSuite] TOP-LEVEL - C:/Users/819834/go/src/bd-connect-api/apitesting/tests/integration/integration_suite_test.go:19 @ 03/28/23 20:16:34.013&#xA;&lt; Exit [BeforeSuite] TOP-LEVEL - C:/Users/819834/go/src/bd-connect-api/apitesting/tests/integration/integration_suite_test.go:19 @ 03/28/23 20:16:34.015 (2ms)&#xA;</system-err>
          </testcase>
          <testcase name="[It] Create a Cart , add Item to cart , get added item from cart Post  [Smoke]" classname="Integration Suite" status="pending" time="0">
              <skipped message="pending"></skipped>
          </testcase>
          <testcase name="[It] Post Request Integration: Cloud to On-Prem Can send a file to S3 bucket using load balancer API and receive the same file [Integration]" classname="Integration Suite" status="failed" time="5.0473592">
              <failure message="Status code not equal to 200&#xA;Expected&#xA;    &lt;int&gt;: 200&#xA;to equal&#xA;    &lt;int&gt;: 202" type="failed">[FAILED] Status code not equal to 200&#xA;Expected&#xA;    &lt;int&gt;: 200&#xA;to equal&#xA;    &lt;int&gt;: 202&#xA;In [It] at: C:/Users/819834/go/src/bd-connect-api/apitesting/tests/integration/cloudonprem_integ_test.go:77 @ 03/28/23 20:16:39.062&#xA;</failure>
              <system-err>&gt; Enter [BeforeEach] Post Request Integration: Cloud to On-Prem - C:/Users/819834/go/src/bd-connect-api/apitesting/tests/integration/cloudonprem_integ_test.go:21 @ 03/28/23 20:16:34.015&#xA;&lt; Exit [BeforeEach] Post Request Integration: Cloud to On-Prem - C:/Users/819834/go/src/bd-connect-api/apitesting/tests/integration/cloudonprem_integ_test.go:21 @ 03/28/23 20:16:34.016 (1ms)&#xA;&gt; Enter [It] Can send a file to S3 bucket using load balancer API and receive the same file - C:/Users/819834/go/src/bd-connect-api/apitesting/tests/integration/cloudonprem_integ_test.go:39 @ 03/28/23 20:16:34.016&#xA;[FAILED] Status code not equal to 200&#xA;Expected&#xA;    &lt;int&gt;: 200&#xA;to equal&#xA;    &lt;int&gt;: 202&#xA;In [It] at: C:/Users/819834/go/src/bd-connect-api/apitesting/tests/integration/cloudonprem_integ_test.go:77 @ 03/28/23 20:16:39.062&#xA;&lt; Exit [It] Can send a file to S3 bucket using load balancer API and receive the same file - C:/Users/819834/go/src/bd-connect-api/apitesting/tests/integration/cloudonprem_integ_test.go:39 @ 03/28/23 20:16:39.062 (5.046s)&#xA;&gt; Enter [AfterEach] Post Request Integration: Cloud to On-Prem - C:/Users/819834/go/src/bd-connect-api/apitesting/tests/integration/cloudonprem_integ_test.go:26 @ 03/28/23 20:16:39.062&#xA;&lt; Exit [AfterEach] Post Request Integration: Cloud to On-Prem - C:/Users/819834/go/src/bd-connect-api/apitesting/tests/integration/cloudonprem_integ_test.go:26 @ 03/28/23 20:16:39.062 (0s)&#xA;</system-err>
          </testcase>
          <testcase name="[It] Post Request Integration: Cloud to On-Prem Can send a file to S3 bucket using load balancer API and receive Access Denied on passing incorrect file name [Integration]" classname="Integration Suite" status="pending" time="0">
              <skipped message="pending"></skipped>
          </testcase>
          <testcase name="[It] Post Request Integration: Cloud to On-Prem Can send multiple pdf files to S3 bucket using load balancer API and validate all filenames through download endpoint [Integration]" classname="Integration Suite" status="pending" time="0">
              <skipped message="pending"></skipped>
          </testcase>
          <testcase name="[It] Post Request Integration: Cloud to On-Prem Can send files to two different S3 buckets and receive file names corresponsing to respective deploymentid [Integration]" classname="Integration Suite" status="pending" time="0">
              <skipped message="pending"></skipped>
          </testcase>
          <testcase name="[It] Post Request Integration: Cloud to On-Prem Can send different file formats to S3 bucket and download the different format files [Integration]" classname="Integration Suite" status="pending" time="0">
              <skipped message="pending"></skipped>
          </testcase>
          <testcase name="[AfterSuite]" classname="Integration Suite" status="passed" time="0">
              <system-err>&gt; Enter [AfterSuite] TOP-LEVEL - C:/Users/819834/go/src/bd-connect-api/apitesting/tests/integration/integration_suite_test.go:26 @ 03/28/23 20:16:39.1&#xA;&lt; Exit [AfterSuite] TOP-LEVEL - C:/Users/819834/go/src/bd-connect-api/apitesting/tests/integration/integration_suite_test.go:26 @ 03/28/23 20:16:39.1 (0s)&#xA;</system-err>
          </testcase>
      </testsuite>
  </testsuites>