<?xml version="1.0" encoding="UTF-8"?>
  <testsuites tests="8" disabled="5" errors="0" failures="1" time="5.089759">
      <testsuite name="Integration Suite" package="C:\Users\819834\go\src\bd-connect-api\apitesting\tests\integration" tests="8" disabled="5" skipped="0" errors="0" failures="1" time="5.089759" timestamp="2023-03-28T20:16:34">
          <properties>
              <property name="SuiteSucceeded" value="false"></property>
              <property name="SuiteHasProgrammaticFocus" value="false"></property>
              <property name="SpecialSuiteFailureReason" value=""></property>
              <property name="SuiteLabels" value="[]"></property>
              <property name="RandomSeed" value="1680014772"></property>
              <property name="RandomizeAllSpecs" value="false"></property>
              <property name="LabelFilter" value="Integration,Smoke"></property>
              <property name="FocusStrings" value=""></property>
              <property name="SkipStrings" value=""></property>
              <property name="FocusFiles" value=""></property>
              <property name="SkipFiles" value=""></property>
              <property name="FailOnPending" value="false"></property>
              <property name="FailFast" value="false"></property>
              <property name="FlakeAttempts" value="0"></property>
              <property name="DryRun" value="false"></property>
              <property name="ParallelTotal" value="1"></property>
              <property name="OutputInterceptorMode" value=""></property>
          </properties>
          <testcase name="[BeforeSuite]" classname="Integration Suite" status="passed" time="0.00159">
              <system-err>&gt; Enter [BeforeSuite] TOP-LEVEL - C:/Users/819834/go/src/bd-connect-api/apitesting/tests/integration/integration_suite_test.go:19 @ 03/28/23 20:16:34.013&#xA;&lt; Exit [BeforeSuite] TOP-LEVEL - C:/Users/819834/go/src/bd-connect-api/apitesting/tests/integration/integration_suite_test.go:19 @ 03/28/23 20:16:34.015 (2ms)&#xA;</system-err>
          </testcase>
          <testcase name="[It] Create a Cart , add Item to cart , get added item from cart Post  [Smoke]" classname="Integration Suite" status="pending" time="0">
              <skipped message="pending"></skipped>
          </testcase>
          <testcase name="[It] Post Request Integration: Cloud to On-Prem Can send a file to S3 bucket using load balancer API and receive the same file [Integration]" classname="Integration Suite" status="failed" time="5.0473592">
              <failure message="Status code not equal to 200&#xA;Expected&#xA;    &lt;int&gt;: 200&#xA;to equal&#xA;    &lt;int&gt;: 202" type="failed">[FAILED] Status code not equal to 200&#xA;Expected&#xA;    &lt;int&gt;: 200&#xA;to equal&#xA;    &lt;int&gt;: 202&#xA;In [It] at: C:/Users/819834/go/src/bd-connect-api/apitesting/tests/integration/cloudonprem_integ_test.go:77 @ 03/28/23 20:16:39.062&#xA;</failure>
              <system-err>&gt; Enter [BeforeEach] Post Request Integration: Cloud to On-Prem - C:/Users/819834/go/src/bd-connect-api/apitesting/tests/integration/cloudonprem_integ_test.go:21 @ 03/28/23 20:16:34.015&#xA;&lt; Exit [BeforeEach] Post Request Integration: Cloud to On-Prem - C:/Users/819834/go/src/bd-connect-api/apitesting/tests/integration/cloudonprem_integ_test.go:21 @ 03/28/23 20:16:34.016 (1ms)&#xA;&gt; Enter [It] Can send a file to S3 bucket using load balancer API and receive the same file - C:/Users/819834/go/src/bd-connect-api/apitesting/tests/integration/cloudonprem_integ_test.go:39 @ 03/28/23 20:16:34.016&#xA;[FAILED] Status code not equal to 200&#xA;Expected&#xA;    &lt;int&gt;: 200&#xA;to equal&#xA;    &lt;int&gt;: 202&#xA;In [It] at: C:/Users/819834/go/src/bd-connect-api/apitesting/tests/integration/cloudonprem_integ_test.go:77 @ 03/28/23 20:16:39.062&#xA;&lt; Exit [It] Can send a file to S3 bucket using load balancer API and receive the same file - C:/Users/819834/go/src/bd-connect-api/apitesting/tests/integration/cloudonprem_integ_test.go:39 @ 03/28/23 20:16:39.062 (5.046s)&#xA;&gt; Enter [AfterEach] Post Request Integration: Cloud to On-Prem - C:/Users/819834/go/src/bd-connect-api/apitesting/tests/integration/cloudonprem_integ_test.go:26 @ 03/28/23 20:16:39.062&#xA;&lt; Exit [AfterEach] Post Request Integration: Cloud to On-Prem - C:/Users/819834/go/src/bd-connect-api/apitesting/tests/integration/cloudonprem_integ_test.go:26 @ 03/28/23 20:16:39.062 (0s)&#xA;</system-err>
          </testcase>
          <testcase name="[It] Post Request Integration: Cloud to On-Prem Can send a file to S3 bucket using load balancer API and receive Access Denied on passing incorrect file name [Integration]" classname="Integration Suite" status="pending" time="0">
              <skipped message="pending"></skipped>
          </testcase>
          <testcase name="[It] Post Request Integration: Cloud to On-Prem Can send multiple pdf files to S3 bucket using load balancer API and validate all filenames through download endpoint [Integration]" classname="Integration Suite" status="pending" time="0">
              <skipped message="pending"></skipped>
          </testcase>
          <testcase name="[It] Post Request Integration: Cloud to On-Prem Can send files to two different S3 buckets and receive file names corresponsing to respective deploymentid [Integration]" classname="Integration Suite" status="pending" time="0">
              <skipped message="pending"></skipped>
          </testcase>
          <testcase name="[It] Post Request Integration: Cloud to On-Prem Can send different file formats to S3 bucket and download the different format files [Integration]" classname="Integration Suite" status="pending" time="0">
              <skipped message="pending"></skipped>
          </testcase>
          <testcase name="[AfterSuite]" classname="Integration Suite" status="passed" time="0">
              <system-err>&gt; Enter [AfterSuite] TOP-LEVEL - C:/Users/819834/go/src/bd-connect-api/apitesting/tests/integration/integration_suite_test.go:26 @ 03/28/23 20:16:39.1&#xA;&lt; Exit [AfterSuite] TOP-LEVEL - C:/Users/819834/go/src/bd-connect-api/apitesting/tests/integration/integration_suite_test.go:26 @ 03/28/23 20:16:39.1 (0s)&#xA;</system-err>
          </testcase>
      </testsuite>
  </testsuites>